2023-10-17 16:01:28.390  INFO 17920 --- [restartedMain] com.hrms.HrmsApplication                 : Starting HrmsApplication using Java 17.0.3 on DESKTOP-42UDNGJ with PID 17920 (E:\VedaIt\hrms\hrms\target\classes started by admin in E:\VedaIt\hrms\hrms)
2023-10-17 16:01:28.392  INFO 17920 --- [restartedMain] com.hrms.HrmsApplication                 : No active profile set, falling back to 1 default profile: "default"
2023-10-17 16:01:28.935  INFO 17920 --- [restartedMain] .s.d.r.c.RepositoryConfigurationDelegate : Bootstrapping Spring Data JPA repositories in DEFAULT mode.
2023-10-17 16:01:28.940  INFO 17920 --- [restartedMain] .s.d.r.c.RepositoryConfigurationDelegate : Finished Spring Data repository scanning in 5 ms. Found 0 JPA repository interfaces.
2023-10-17 16:01:29.224  INFO 17920 --- [restartedMain] o.s.b.w.embedded.tomcat.TomcatWebServer  : Tomcat initialized with port(s): 9000 (http)
2023-10-17 16:01:29.225  INFO 17920 --- [restartedMain] o.apache.catalina.core.StandardService   : Starting service [Tomcat]
2023-10-17 16:01:29.225  INFO 17920 --- [restartedMain] org.apache.catalina.core.StandardEngine  : Starting Servlet engine: [Apache Tomcat/9.0.80]
2023-10-17 16:01:29.283  INFO 17920 --- [restartedMain] o.a.c.c.C.[Tomcat-4].[localhost].[/]     : Initializing Spring embedded WebApplicationContext
2023-10-17 16:01:29.283  INFO 17920 --- [restartedMain] w.s.c.ServletWebServerApplicationContext : Root WebApplicationContext: initialization completed in 882 ms
2023-10-17 16:01:29.475  INFO 17920 --- [restartedMain] o.hibernate.jpa.internal.util.LogHelper  : HHH000204: Processing PersistenceUnitInfo [name: default]
2023-10-17 16:01:29.487  INFO 17920 --- [restartedMain] com.zaxxer.hikari.HikariDataSource       : HikariPool-25 - Starting...
2023-10-17 16:01:29.522  INFO 17920 --- [restartedMain] com.zaxxer.hikari.HikariDataSource       : HikariPool-25 - Start completed.
2023-10-17 16:01:29.522  INFO 17920 --- [restartedMain] org.hibernate.dialect.Dialect            : HHH000400: Using dialect: org.hibernate.dialect.MySQL5Dialect
2023-10-17 16:01:29.554  INFO 17920 --- [restartedMain] o.h.e.t.j.p.i.JtaPlatformInitiator       : HHH000490: Using JtaPlatform implementation: [org.hibernate.engine.transaction.jta.platform.internal.NoJtaPlatform]
2023-10-17 16:01:29.554  INFO 17920 --- [restartedMain] j.LocalContainerEntityManagerFactoryBean : Initialized JPA EntityManagerFactory for persistence unit 'default'
2023-10-17 16:01:29.595  WARN 17920 --- [restartedMain] JpaBaseConfiguration$JpaWebConfiguration : spring.jpa.open-in-view is enabled by default. Therefore, database queries may be performed during view rendering. Explicitly configure spring.jpa.open-in-view to disable this warning
2023-10-17 16:01:29.967  INFO 17920 --- [restartedMain] o.s.b.d.a.OptionalLiveReloadServer       : LiveReload server is running on port 35729
2023-10-17 16:01:30.004  INFO 17920 --- [restartedMain] o.s.b.w.embedded.tomcat.TomcatWebServer  : Tomcat started on port(s): 9000 (http) with context path ''
2023-10-17 16:01:30.015  INFO 17920 --- [restartedMain] com.hrms.HrmsApplication                 : Started HrmsApplication in 1.686 seconds (JVM running for 2181.288)
2023-10-17 16:01:30.018  INFO 17920 --- [restartedMain] .ConditionEvaluationDeltaLoggingListener : Condition evaluation unchanged
2023-10-17 16:01:52.278  INFO 17920 --- [RMI TCP Connection(87)-127.0.0.1] inMXBeanRegistrar$SpringApplicationAdmin : Application shutdown requested.
2023-10-17 16:01:52.376  INFO 17920 --- [RMI TCP Connection(87)-127.0.0.1] o.apache.catalina.core.StandardService   : Stopping service [Tomcat]
2023-10-17 16:01:52.393  INFO 17920 --- [RMI TCP Connection(87)-127.0.0.1] j.LocalContainerEntityManagerFactoryBean : Closing JPA EntityManagerFactory for persistence unit 'default'
2023-10-17 16:01:52.394  INFO 17920 --- [RMI TCP Connection(87)-127.0.0.1] com.zaxxer.hikari.HikariDataSource       : HikariPool-25 - Shutdown initiated...
2023-10-17 16:01:52.409  INFO 17920 --- [RMI TCP Connection(87)-127.0.0.1] com.zaxxer.hikari.HikariDataSource       : HikariPool-25 - Shutdown completed.
2023-10-17 16:02:12.696  INFO 8616 --- [restartedMain] com.hrms.HrmsApplication                 : Starting HrmsApplication using Java 17.0.3 on DESKTOP-42UDNGJ with PID 8616 (E:\VedaIt\hrms\hrms\target\classes started by admin in E:\VedaIt\hrms\hrms)
2023-10-17 16:02:12.700  INFO 8616 --- [restartedMain] com.hrms.HrmsApplication                 : No active profile set, falling back to 1 default profile: "default"
2023-10-17 16:02:12.870  INFO 8616 --- [restartedMain] .e.DevToolsPropertyDefaultsPostProcessor : Devtools property defaults active! Set 'spring.devtools.add-properties' to 'false' to disable
2023-10-17 16:02:12.871  INFO 8616 --- [restartedMain] .e.DevToolsPropertyDefaultsPostProcessor : For additional web related logging consider setting the 'logging.level.web' property to 'DEBUG'
2023-10-17 16:02:14.661  INFO 8616 --- [restartedMain] .s.d.r.c.RepositoryConfigurationDelegate : Bootstrapping Spring Data JPA repositories in DEFAULT mode.
2023-10-17 16:02:14.750  INFO 8616 --- [restartedMain] .s.d.r.c.RepositoryConfigurationDelegate : Finished Spring Data repository scanning in 17 ms. Found 0 JPA repository interfaces.
2023-10-17 16:02:16.914  INFO 8616 --- [restartedMain] o.s.b.w.embedded.tomcat.TomcatWebServer  : Tomcat initialized with port(s): 9000 (http)
2023-10-17 16:02:16.948  INFO 8616 --- [restartedMain] o.apache.catalina.core.StandardService   : Starting service [Tomcat]
2023-10-17 16:02:16.948  INFO 8616 --- [restartedMain] org.apache.catalina.core.StandardEngine  : Starting Servlet engine: [Apache Tomcat/9.0.80]
2023-10-17 16:02:17.221  INFO 8616 --- [restartedMain] o.a.c.c.C.[Tomcat].[localhost].[/]       : Initializing Spring embedded WebApplicationContext
2023-10-17 16:02:17.222  INFO 8616 --- [restartedMain] w.s.c.ServletWebServerApplicationContext : Root WebApplicationContext: initialization completed in 4349 ms
2023-10-17 16:02:17.849  INFO 8616 --- [restartedMain] o.hibernate.jpa.internal.util.LogHelper  : HHH000204: Processing PersistenceUnitInfo [name: default]
2023-10-17 16:02:18.039  INFO 8616 --- [restartedMain] org.hibernate.Version                    : HHH000412: Hibernate ORM core version 5.6.15.Final
2023-10-17 16:02:18.652  INFO 8616 --- [restartedMain] o.hibernate.annotations.common.Version   : HCANN000001: Hibernate Commons Annotations {5.1.2.Final}
2023-10-17 16:02:18.963  INFO 8616 --- [restartedMain] com.zaxxer.hikari.HikariDataSource       : HikariPool-1 - Starting...
2023-10-17 16:02:19.860  INFO 8616 --- [restartedMain] com.zaxxer.hikari.HikariDataSource       : HikariPool-1 - Start completed.
2023-10-17 16:02:19.919  INFO 8616 --- [restartedMain] org.hibernate.dialect.Dialect            : HHH000400: Using dialect: org.hibernate.dialect.MySQL5Dialect
2023-10-17 16:02:20.712  INFO 8616 --- [restartedMain] o.h.e.t.j.p.i.JtaPlatformInitiator       : HHH000490: Using JtaPlatform implementation: [org.hibernate.engine.transaction.jta.platform.internal.NoJtaPlatform]
2023-10-17 16:02:20.741  INFO 8616 --- [restartedMain] j.LocalContainerEntityManagerFactoryBean : Initialized JPA EntityManagerFactory for persistence unit 'default'
2023-10-17 16:02:20.895  WARN 8616 --- [restartedMain] JpaBaseConfiguration$JpaWebConfiguration : spring.jpa.open-in-view is enabled by default. Therefore, database queries may be performed during view rendering. Explicitly configure spring.jpa.open-in-view to disable this warning
2023-10-17 16:02:21.849  INFO 8616 --- [restartedMain] o.s.b.d.a.OptionalLiveReloadServer       : LiveReload server is running on port 35729
2023-10-17 16:02:22.014  INFO 8616 --- [restartedMain] o.s.b.w.embedded.tomcat.TomcatWebServer  : Tomcat started on port(s): 9000 (http) with context path ''
2023-10-17 16:02:22.060  INFO 8616 --- [restartedMain] com.hrms.HrmsApplication                 : Started HrmsApplication in 10.368 seconds (JVM running for 13.566)
2023-10-17 16:02:32.352  INFO 8616 --- [File Watcher] rtingClassPathChangeChangedEventListener : Restarting due to 1 class path change (0 additions, 0 deletions, 1 modification)
2023-10-17 16:02:32.428  INFO 8616 --- [Thread-5] o.apache.catalina.core.StandardService   : Stopping service [Tomcat]
2023-10-17 16:02:32.511  INFO 8616 --- [Thread-5] j.LocalContainerEntityManagerFactoryBean : Closing JPA EntityManagerFactory for persistence unit 'default'
2023-10-17 16:02:32.528  INFO 8616 --- [Thread-5] com.zaxxer.hikari.HikariDataSource       : HikariPool-1 - Shutdown initiated...
2023-10-17 16:02:32.583  INFO 8616 --- [Thread-5] com.zaxxer.hikari.HikariDataSource       : HikariPool-1 - Shutdown completed.
2023-10-17 16:02:33.450  INFO 8616 --- [restartedMain] com.hrms.HrmsApplication                 : Starting HrmsApplication using Java 17.0.3 on DESKTOP-42UDNGJ with PID 8616 (E:\VedaIt\hrms\hrms\target\classes started by admin in E:\VedaIt\hrms\hrms)
2023-10-17 16:02:33.450  INFO 8616 --- [restartedMain] com.hrms.HrmsApplication                 : No active profile set, falling back to 1 default profile: "default"
2023-10-17 16:02:34.104  INFO 8616 --- [restartedMain] .s.d.r.c.RepositoryConfigurationDelegate : Bootstrapping Spring Data JPA repositories in DEFAULT mode.
2023-10-17 16:02:34.112  INFO 8616 --- [restartedMain] .s.d.r.c.RepositoryConfigurationDelegate : Finished Spring Data repository scanning in 3 ms. Found 0 JPA repository interfaces.
2023-10-17 16:02:34.459  INFO 8616 --- [restartedMain] o.s.b.w.embedded.tomcat.TomcatWebServer  : Tomcat initialized with port(s): 9000 (http)
2023-10-17 16:02:34.461  INFO 8616 --- [restartedMain] o.apache.catalina.core.StandardService   : Starting service [Tomcat]
2023-10-17 16:02:34.462  INFO 8616 --- [restartedMain] org.apache.catalina.core.StandardEngine  : Starting Servlet engine: [Apache Tomcat/9.0.80]
2023-10-17 16:02:34.516  INFO 8616 --- [restartedMain] o.a.c.c.C.[Tomcat].[localhost].[/]       : Initializing Spring embedded WebApplicationContext
2023-10-17 16:02:34.520  INFO 8616 --- [restartedMain] w.s.c.ServletWebServerApplicationContext : Root WebApplicationContext: initialization completed in 1037 ms
2023-10-17 16:02:34.677  INFO 8616 --- [restartedMain] o.hibernate.jpa.internal.util.LogHelper  : HHH000204: Processing PersistenceUnitInfo [name: default]
2023-10-17 16:02:34.696  INFO 8616 --- [restartedMain] com.zaxxer.hikari.HikariDataSource       : HikariPool-2 - Starting...
2023-10-17 16:02:34.750  INFO 8616 --- [restartedMain] com.zaxxer.hikari.HikariDataSource       : HikariPool-2 - Start completed.
2023-10-17 16:02:34.751  INFO 8616 --- [restartedMain] org.hibernate.dialect.Dialect            : HHH000400: Using dialect: org.hibernate.dialect.MySQL5Dialect
2023-10-17 16:02:34.791  INFO 8616 --- [restartedMain] o.h.e.t.j.p.i.JtaPlatformInitiator       : HHH000490: Using JtaPlatform implementation: [org.hibernate.engine.transaction.jta.platform.internal.NoJtaPlatform]
2023-10-17 16:02:34.792  INFO 8616 --- [restartedMain] j.LocalContainerEntityManagerFactoryBean : Initialized JPA EntityManagerFactory for persistence unit 'default'
2023-10-17 16:02:34.872  WARN 8616 --- [restartedMain] JpaBaseConfiguration$JpaWebConfiguration : spring.jpa.open-in-view is enabled by default. Therefore, database queries may be performed during view rendering. Explicitly configure spring.jpa.open-in-view to disable this warning
2023-10-17 16:02:35.316  INFO 8616 --- [restartedMain] o.s.b.d.a.OptionalLiveReloadServer       : LiveReload server is running on port 35729
2023-10-17 16:02:35.364  INFO 8616 --- [restartedMain] o.s.b.w.embedded.tomcat.TomcatWebServer  : Tomcat started on port(s): 9000 (http) with context path ''
2023-10-17 16:02:35.378  INFO 8616 --- [restartedMain] com.hrms.HrmsApplication                 : Started HrmsApplication in 2.104 seconds (JVM running for 26.886)
2023-10-17 16:02:35.383  INFO 8616 --- [restartedMain] .ConditionEvaluationDeltaLoggingListener : Condition evaluation unchanged
2023-10-17 16:05:34.204  INFO 8616 --- [RMI TCP Connection(11)-127.0.0.1] inMXBeanRegistrar$SpringApplicationAdmin : Application shutdown requested.
2023-10-17 16:05:34.275  INFO 8616 --- [RMI TCP Connection(11)-127.0.0.1] o.apache.catalina.core.StandardService   : Stopping service [Tomcat]
2023-10-17 16:05:34.290  INFO 8616 --- [RMI TCP Connection(11)-127.0.0.1] j.LocalContainerEntityManagerFactoryBean : Closing JPA EntityManagerFactory for persistence unit 'default'
2023-10-17 16:05:34.294  INFO 8616 --- [RMI TCP Connection(11)-127.0.0.1] com.zaxxer.hikari.HikariDataSource       : HikariPool-2 - Shutdown initiated...
2023-10-17 16:05:34.333  INFO 8616 --- [RMI TCP Connection(11)-127.0.0.1] com.zaxxer.hikari.HikariDataSource       : HikariPool-2 - Shutdown completed.
2023-10-17 16:05:52.751  INFO 11532 --- [restartedMain] com.hrms.HrmsApplication                 : Starting HrmsApplication using Java 17.0.3 on DESKTOP-42UDNGJ with PID 11532 (E:\VedaIt\hrms\hrms\target\classes started by admin in E:\VedaIt\hrms\hrms)
2023-10-17 16:05:52.778  INFO 11532 --- [restartedMain] com.hrms.HrmsApplication                 : No active profile set, falling back to 1 default profile: "default"
2023-10-17 16:05:53.201  INFO 11532 --- [restartedMain] .e.DevToolsPropertyDefaultsPostProcessor : Devtools property defaults active! Set 'spring.devtools.add-properties' to 'false' to disable
2023-10-17 16:05:53.201  INFO 11532 --- [restartedMain] .e.DevToolsPropertyDefaultsPostProcessor : For additional web related logging consider setting the 'logging.level.web' property to 'DEBUG'
2023-10-17 16:05:55.245  INFO 11532 --- [restartedMain] .s.d.r.c.RepositoryConfigurationDelegate : Bootstrapping Spring Data JPA repositories in DEFAULT mode.
2023-10-17 16:05:55.301  INFO 11532 --- [restartedMain] .s.d.r.c.RepositoryConfigurationDelegate : Finished Spring Data repository scanning in 9 ms. Found 0 JPA repository interfaces.
2023-10-17 16:05:57.104  INFO 11532 --- [restartedMain] o.s.b.w.embedded.tomcat.TomcatWebServer  : Tomcat initialized with port(s): 9000 (http)
2023-10-17 16:05:57.120  INFO 11532 --- [restartedMain] o.apache.catalina.core.StandardService   : Starting service [Tomcat]
2023-10-17 16:05:57.120  INFO 11532 --- [restartedMain] org.apache.catalina.core.StandardEngine  : Starting Servlet engine: [Apache Tomcat/9.0.80]
2023-10-17 16:05:57.397  INFO 11532 --- [restartedMain] o.a.c.c.C.[Tomcat].[localhost].[/]       : Initializing Spring embedded WebApplicationContext
2023-10-17 16:05:57.397  INFO 11532 --- [restartedMain] w.s.c.ServletWebServerApplicationContext : Root WebApplicationContext: initialization completed in 4193 ms
2023-10-17 16:05:58.155  INFO 11532 --- [restartedMain] o.hibernate.jpa.internal.util.LogHelper  : HHH000204: Processing PersistenceUnitInfo [name: default]
2023-10-17 16:05:58.367  INFO 11532 --- [restartedMain] org.hibernate.Version                    : HHH000412: Hibernate ORM core version 5.6.15.Final
2023-10-17 16:05:58.969  INFO 11532 --- [restartedMain] o.hibernate.annotations.common.Version   : HCANN000001: Hibernate Commons Annotations {5.1.2.Final}
2023-10-17 16:05:59.246  INFO 11532 --- [restartedMain] com.zaxxer.hikari.HikariDataSource       : HikariPool-1 - Starting...
2023-10-17 16:06:00.096  INFO 11532 --- [restartedMain] com.zaxxer.hikari.HikariDataSource       : HikariPool-1 - Start completed.
2023-10-17 16:06:00.137  INFO 11532 --- [restartedMain] org.hibernate.dialect.Dialect            : HHH000400: Using dialect: org.hibernate.dialect.MySQL5Dialect
2023-10-17 16:06:01.058  INFO 11532 --- [restartedMain] o.h.e.t.j.p.i.JtaPlatformInitiator       : HHH000490: Using JtaPlatform implementation: [org.hibernate.engine.transaction.jta.platform.internal.NoJtaPlatform]
2023-10-17 16:06:01.079  INFO 11532 --- [restartedMain] j.LocalContainerEntityManagerFactoryBean : Initialized JPA EntityManagerFactory for persistence unit 'default'
2023-10-17 16:06:01.259  WARN 11532 --- [restartedMain] JpaBaseConfiguration$JpaWebConfiguration : spring.jpa.open-in-view is enabled by default. Therefore, database queries may be performed during view rendering. Explicitly configure spring.jpa.open-in-view to disable this warning
2023-10-17 16:06:02.207  INFO 11532 --- [restartedMain] o.s.b.d.a.OptionalLiveReloadServer       : LiveReload server is running on port 35729
2023-10-17 16:06:02.334  INFO 11532 --- [restartedMain] o.s.b.w.embedded.tomcat.TomcatWebServer  : Tomcat started on port(s): 9000 (http) with context path ''
2023-10-17 16:06:02.382  INFO 11532 --- [restartedMain] com.hrms.HrmsApplication                 : Started HrmsApplication in 11.041 seconds (JVM running for 13.852)
2023-10-17 16:06:10.956  INFO 11532 --- [http-nio-9000-exec-1] o.a.c.c.C.[Tomcat].[localhost].[/]       : Initializing Spring DispatcherServlet 'dispatcherServlet'
2023-10-17 16:06:10.957  INFO 11532 --- [http-nio-9000-exec-1] o.s.web.servlet.DispatcherServlet        : Initializing Servlet 'dispatcherServlet'
2023-10-17 16:06:10.959  INFO 11532 --- [http-nio-9000-exec-1] o.s.web.servlet.DispatcherServlet        : Completed initialization in 2 ms
2023-10-17 16:06:11.362  INFO 11532 --- [http-nio-9000-exec-1] com.hrms.controller.HomeController       : Control entered into loadHomePage
2023-10-17 16:06:11.363 ERROR 11532 --- [http-nio-9000-exec-1] com.hrms.controller.HomeController       : / by zero
2023-10-17 16:06:11.364  WARN 11532 --- [http-nio-9000-exec-1] com.hrms.controller.HomeController       : Please take immediate action to avoid unnecessary problems
2023-10-17 16:06:11.364  INFO 11532 --- [http-nio-9000-exec-1] com.hrms.controller.HomeController       : Control exitted from the loadHomePage
2023-10-17 16:12:30.752  INFO 7896 --- [restartedMain] com.hrms.HrmsApplication                 : Starting HrmsApplication using Java 17.0.3 on DESKTOP-42UDNGJ with PID 7896 (E:\VedaIt\hrms\hrms\target\classes started by admin in E:\VedaIt\hrms\hrms)
2023-10-17 16:12:30.760  INFO 7896 --- [restartedMain] com.hrms.HrmsApplication                 : No active profile set, falling back to 1 default profile: "default"
2023-10-17 16:12:30.916  INFO 7896 --- [restartedMain] .e.DevToolsPropertyDefaultsPostProcessor : Devtools property defaults active! Set 'spring.devtools.add-properties' to 'false' to disable
2023-10-17 16:12:30.916  INFO 7896 --- [restartedMain] .e.DevToolsPropertyDefaultsPostProcessor : For additional web related logging consider setting the 'logging.level.web' property to 'DEBUG'
2023-10-17 16:12:32.651  INFO 7896 --- [restartedMain] .s.d.r.c.RepositoryConfigurationDelegate : Bootstrapping Spring Data JPA repositories in DEFAULT mode.
2023-10-17 16:12:32.680  INFO 7896 --- [restartedMain] .s.d.r.c.RepositoryConfigurationDelegate : Finished Spring Data repository scanning in 11 ms. Found 0 JPA repository interfaces.
2023-10-17 16:12:34.882  INFO 7896 --- [restartedMain] o.s.b.w.embedded.tomcat.TomcatWebServer  : Tomcat initialized with port(s): 9000 (http)
2023-10-17 16:12:34.895  INFO 7896 --- [restartedMain] o.apache.catalina.core.StandardService   : Starting service [Tomcat]
2023-10-17 16:12:34.896  INFO 7896 --- [restartedMain] org.apache.catalina.core.StandardEngine  : Starting Servlet engine: [Apache Tomcat/9.0.80]
2023-10-17 16:12:35.182  INFO 7896 --- [restartedMain] o.a.c.c.C.[Tomcat].[localhost].[/]       : Initializing Spring embedded WebApplicationContext
2023-10-17 16:12:35.182  INFO 7896 --- [restartedMain] w.s.c.ServletWebServerApplicationContext : Root WebApplicationContext: initialization completed in 4264 ms
2023-10-17 16:12:35.793  INFO 7896 --- [restartedMain] o.hibernate.jpa.internal.util.LogHelper  : HHH000204: Processing PersistenceUnitInfo [name: default]
2023-10-17 16:12:35.970  INFO 7896 --- [restartedMain] org.hibernate.Version                    : HHH000412: Hibernate ORM core version 5.6.15.Final
2023-10-17 16:12:36.580  INFO 7896 --- [restartedMain] o.hibernate.annotations.common.Version   : HCANN000001: Hibernate Commons Annotations {5.1.2.Final}
2023-10-17 16:12:36.988  INFO 7896 --- [restartedMain] com.zaxxer.hikari.HikariDataSource       : HikariPool-1 - Starting...
2023-10-17 16:12:38.066  INFO 7896 --- [restartedMain] com.zaxxer.hikari.HikariDataSource       : HikariPool-1 - Start completed.
2023-10-17 16:12:38.112  INFO 7896 --- [restartedMain] org.hibernate.dialect.Dialect            : HHH000400: Using dialect: org.hibernate.dialect.MySQL5Dialect
2023-10-17 16:12:39.145  INFO 7896 --- [restartedMain] o.h.e.t.j.p.i.JtaPlatformInitiator       : HHH000490: Using JtaPlatform implementation: [org.hibernate.engine.transaction.jta.platform.internal.NoJtaPlatform]
2023-10-17 16:12:39.177  INFO 7896 --- [restartedMain] j.LocalContainerEntityManagerFactoryBean : Initialized JPA EntityManagerFactory for persistence unit 'default'
2023-10-17 16:12:39.326  WARN 7896 --- [restartedMain] JpaBaseConfiguration$JpaWebConfiguration : spring.jpa.open-in-view is enabled by default. Therefore, database queries may be performed during view rendering. Explicitly configure spring.jpa.open-in-view to disable this warning
2023-10-17 16:12:40.334  WARN 7896 --- [restartedMain] o.s.b.d.a.OptionalLiveReloadServer       : Unable to start LiveReload server
2023-10-17 16:12:40.395  WARN 7896 --- [restartedMain] ConfigServletWebServerApplicationContext : Exception encountered during context initialization - cancelling refresh attempt: org.springframework.context.ApplicationContextException: Failed to start bean 'webServerStartStop'; nested exception is org.springframework.boot.web.server.PortInUseException: Port 9000 is already in use
2023-10-17 16:12:40.412  INFO 7896 --- [restartedMain] j.LocalContainerEntityManagerFactoryBean : Closing JPA EntityManagerFactory for persistence unit 'default'
2023-10-17 16:12:40.421  INFO 7896 --- [restartedMain] com.zaxxer.hikari.HikariDataSource       : HikariPool-1 - Shutdown initiated...
2023-10-17 16:12:40.456  INFO 7896 --- [restartedMain] com.zaxxer.hikari.HikariDataSource       : HikariPool-1 - Shutdown completed.
2023-10-17 16:12:40.460  INFO 7896 --- [restartedMain] o.apache.catalina.core.StandardService   : Stopping service [Tomcat]
2023-10-17 16:12:40.489  INFO 7896 --- [restartedMain] ConditionEvaluationReportLoggingListener : 

Error starting ApplicationContext. To display the conditions report re-run your application with 'debug' enabled.
2023-10-17 16:12:40.582 ERROR 7896 --- [restartedMain] o.s.b.d.LoggingFailureAnalysisReporter   : 

***************************
APPLICATION FAILED TO START
***************************

Description:

Web server failed to start. Port 9000 was already in use.

Action:

Identify and stop the process that's listening on port 9000 or configure this application to listen on another port.

2023-10-17 18:22:57.815  INFO 11532 --- [RMI TCP Connection(143)-127.0.0.1] inMXBeanRegistrar$SpringApplicationAdmin : Application shutdown requested.
2023-10-17 18:22:57.893  INFO 11532 --- [RMI TCP Connection(143)-127.0.0.1] o.apache.catalina.core.StandardService   : Stopping service [Tomcat]
2023-10-17 18:22:57.901  INFO 11532 --- [RMI TCP Connection(143)-127.0.0.1] o.a.c.c.C.[Tomcat].[localhost].[/]       : Destroying Spring FrameworkServlet 'dispatcherServlet'
2023-10-17 18:22:57.925  INFO 11532 --- [RMI TCP Connection(143)-127.0.0.1] j.LocalContainerEntityManagerFactoryBean : Closing JPA EntityManagerFactory for persistence unit 'default'
2023-10-17 18:22:57.933  INFO 11532 --- [RMI TCP Connection(143)-127.0.0.1] com.zaxxer.hikari.HikariDataSource       : HikariPool-1 - Shutdown initiated...
2023-10-17 18:22:57.974  INFO 11532 --- [RMI TCP Connection(143)-127.0.0.1] com.zaxxer.hikari.HikariDataSource       : HikariPool-1 - Shutdown completed.
2023-10-17 19:16:24.250  INFO 6396 --- [restartedMain] com.hrms.HrmsApplication                 : Starting HrmsApplication using Java 17.0.3 on DESKTOP-42UDNGJ with PID 6396 (E:\VedaIt\hrms\hrms\target\classes started by admin in E:\VedaIt\hrms\hrms)
2023-10-17 19:16:24.261  INFO 6396 --- [restartedMain] com.hrms.HrmsApplication                 : No active profile set, falling back to 1 default profile: "default"
2023-10-17 19:16:24.394  INFO 6396 --- [restartedMain] .e.DevToolsPropertyDefaultsPostProcessor : Devtools property defaults active! Set 'spring.devtools.add-properties' to 'false' to disable
2023-10-17 19:16:24.395  INFO 6396 --- [restartedMain] .e.DevToolsPropertyDefaultsPostProcessor : For additional web related logging consider setting the 'logging.level.web' property to 'DEBUG'
2023-10-17 19:16:26.068  INFO 6396 --- [restartedMain] .s.d.r.c.RepositoryConfigurationDelegate : Bootstrapping Spring Data JPA repositories in DEFAULT mode.
2023-10-17 19:16:26.115  INFO 6396 --- [restartedMain] .s.d.r.c.RepositoryConfigurationDelegate : Finished Spring Data repository scanning in 18 ms. Found 0 JPA repository interfaces.
2023-10-17 19:16:27.559  INFO 6396 --- [restartedMain] o.s.b.w.embedded.tomcat.TomcatWebServer  : Tomcat initialized with port(s): 9000 (http)
2023-10-17 19:16:27.580  INFO 6396 --- [restartedMain] o.apache.catalina.core.StandardService   : Starting service [Tomcat]
2023-10-17 19:16:27.580  INFO 6396 --- [restartedMain] org.apache.catalina.core.StandardEngine  : Starting Servlet engine: [Apache Tomcat/9.0.80]
2023-10-17 19:16:27.808  INFO 6396 --- [restartedMain] o.a.c.c.C.[Tomcat].[localhost].[/]       : Initializing Spring embedded WebApplicationContext
2023-10-17 19:16:27.809  INFO 6396 --- [restartedMain] w.s.c.ServletWebServerApplicationContext : Root WebApplicationContext: initialization completed in 3413 ms
2023-10-17 19:16:28.629  INFO 6396 --- [restartedMain] o.hibernate.jpa.internal.util.LogHelper  : HHH000204: Processing PersistenceUnitInfo [name: default]
2023-10-17 19:16:28.816  INFO 6396 --- [restartedMain] org.hibernate.Version                    : HHH000412: Hibernate ORM core version 5.6.15.Final
2023-10-17 19:16:29.389  INFO 6396 --- [restartedMain] o.hibernate.annotations.common.Version   : HCANN000001: Hibernate Commons Annotations {5.1.2.Final}
2023-10-17 19:16:29.718  INFO 6396 --- [restartedMain] com.zaxxer.hikari.HikariDataSource       : HikariPool-1 - Starting...
2023-10-17 19:16:30.606  INFO 6396 --- [restartedMain] com.zaxxer.hikari.HikariDataSource       : HikariPool-1 - Start completed.
2023-10-17 19:16:30.652  INFO 6396 --- [restartedMain] org.hibernate.dialect.Dialect            : HHH000400: Using dialect: org.hibernate.dialect.MySQL5Dialect
2023-10-17 19:16:32.124  INFO 6396 --- [restartedMain] o.h.e.t.j.p.i.JtaPlatformInitiator       : HHH000490: Using JtaPlatform implementation: [org.hibernate.engine.transaction.jta.platform.internal.NoJtaPlatform]
2023-10-17 19:16:32.147  INFO 6396 --- [restartedMain] j.LocalContainerEntityManagerFactoryBean : Initialized JPA EntityManagerFactory for persistence unit 'default'
2023-10-17 19:16:32.283  WARN 6396 --- [restartedMain] JpaBaseConfiguration$JpaWebConfiguration : spring.jpa.open-in-view is enabled by default. Therefore, database queries may be performed during view rendering. Explicitly configure spring.jpa.open-in-view to disable this warning
2023-10-17 19:16:32.968  INFO 6396 --- [restartedMain] o.s.b.d.a.OptionalLiveReloadServer       : LiveReload server is running on port 35729
2023-10-17 19:16:33.043  INFO 6396 --- [restartedMain] o.s.b.w.embedded.tomcat.TomcatWebServer  : Tomcat started on port(s): 9000 (http) with context path ''
2023-10-17 19:16:33.084  INFO 6396 --- [restartedMain] com.hrms.HrmsApplication                 : Started HrmsApplication in 10.01 seconds (JVM running for 13.037)
2023-10-17 19:17:22.324  INFO 6396 --- [http-nio-9000-exec-1] o.a.c.c.C.[Tomcat].[localhost].[/]       : Initializing Spring DispatcherServlet 'dispatcherServlet'
2023-10-17 19:17:22.325  INFO 6396 --- [http-nio-9000-exec-1] o.s.web.servlet.DispatcherServlet        : Initializing Servlet 'dispatcherServlet'
2023-10-17 19:17:22.331  INFO 6396 --- [http-nio-9000-exec-1] o.s.web.servlet.DispatcherServlet        : Completed initialization in 6 ms
2023-10-17 19:17:22.633  INFO 6396 --- [http-nio-9000-exec-1] com.hrms.controller.HomeController       : Control entered into loadHomePage
2023-10-17 19:17:22.635  INFO 6396 --- [http-nio-9000-exec-1] com.hrms.controller.HomeController       : Control exitted from the loadHomePage
2023-10-17 19:22:10.468  INFO 6396 --- [RMI TCP Connection(14)-127.0.0.1] inMXBeanRegistrar$SpringApplicationAdmin : Application shutdown requested.
2023-10-17 19:22:10.548  INFO 6396 --- [RMI TCP Connection(14)-127.0.0.1] o.apache.catalina.core.StandardService   : Stopping service [Tomcat]
2023-10-17 19:22:10.550  INFO 6396 --- [RMI TCP Connection(14)-127.0.0.1] o.a.c.c.C.[Tomcat].[localhost].[/]       : Destroying Spring FrameworkServlet 'dispatcherServlet'
2023-10-17 19:22:10.567  INFO 6396 --- [RMI TCP Connection(14)-127.0.0.1] j.LocalContainerEntityManagerFactoryBean : Closing JPA EntityManagerFactory for persistence unit 'default'
2023-10-17 19:22:10.574  INFO 6396 --- [RMI TCP Connection(14)-127.0.0.1] com.zaxxer.hikari.HikariDataSource       : HikariPool-1 - Shutdown initiated...
2023-10-17 19:22:10.620  INFO 6396 --- [RMI TCP Connection(14)-127.0.0.1] com.zaxxer.hikari.HikariDataSource       : HikariPool-1 - Shutdown completed.
